<?xml version="1.0" encoding="UTF-8"?>
<!-- Generated by org.testng.reporters.JUnitReportReporter -->
<testsuite hostname="Manish-Air.local" name="com.qa.TestFiles.AppTest" tests="1" failures="0" timestamp="10 Jan 2020 10:46:59 GMT" time="9.109" errors="0">
  <testcase name="TestFour" time="9.109" classname="com.qa.TestFiles.AppTest"/>
</testsuite> <!-- com.qa.TestFiles.AppTest -->
