<?xml version="1.0" encoding="UTF-8"?>
<!-- Generated by org.testng.reporters.JUnitReportReporter -->
<testsuite hostname="Manish-Air.local" name="com.qa.TestFiles.AppTest" tests="1" failures="0" timestamp="9 Jan 2020 08:23:24 GMT" time="8.762" errors="0">
  <testcase name="TestFour" time="8.762" classname="com.qa.TestFiles.AppTest"/>
</testsuite> <!-- com.qa.TestFiles.AppTest -->
